# JRE version: OpenJDK Runtime Environment (11.0.15) (build 11.0.15+0-b2043.56-8887301)
# Java VM: OpenJDK 64-Bit Server VM (11.0.15+0-b2043.56-8887301, mixed mode, tiered, compressed oops, g1 gc, windows-amd64)
Heap:
 garbage-first heap   total 303104K, used 247824K [0x0000000080000000, 0x0000000100000000)
  region size 1024K, 33 young (33792K), 2 survivors (2048K)
 Metaspace       used 117190K, capacity 120643K, committed 120912K, reserved 1155072K
  class space    used 14862K, capacity 16104K, committed 16128K, reserved 1048576K
GC Heap History (20 events):
Event: 815.053 GC heap before
{Heap before GC invocations=76 (full 0):
 garbage-first heap   total 251904K, used 217946K [0x0000000080000000, 0x0000000100000000)
  region size 1024K, 13 young (13312K), 2 survivors (2048K)
 Metaspace       used 116332K, capacity 119700K, committed 120016K, reserved 1153024K
  class space    used 14720K, capacity 15932K, committed 16000K, reserved 1048576K
}
Event: 815.056 GC heap after
{Heap after GC invocations=77 (full 0):
 garbage-first heap   total 251904K, used 208024K [0x0000000080000000, 0x0000000100000000)
  region size 1024K, 2 young (2048K), 2 survivors (2048K)
 Metaspace       used 116332K, capacity 119700K, committed 120016K, reserved 1153024K
  class space    used 14720K, capacity 15932K, committed 16000K, reserved 1048576K
}
Event: 815.124 GC heap before
{Heap before GC invocations=77 (full 0):
 garbage-first heap   total 251904K, used 218264K [0x0000000080000000, 0x0000000100000000)
  region size 1024K, 12 young (12288K), 2 survivors (2048K)
 Metaspace       used 116341K, capacity 119706K, committed 120016K, reserved 1153024K
  class space    used 14720K, capacity 15933K, committed 16000K, reserved 1048576K
}
Event: 815.127 GC heap after
{Heap after GC invocations=78 (full 0):
 garbage-first heap   total 251904K, used 208024K [0x0000000080000000, 0x0000000100000000)
  region size 1024K, 2 young (2048K), 2 survivors (2048K)
 Metaspace       used 116341K, capacity 119706K, committed 120016K, reserved 1153024K
  class space    used 14720K, capacity 15933K, committed 16000K, reserved 1048576K
}
Event: 815.193 GC heap before
{Heap before GC invocations=78 (full 0):
 garbage-first heap   total 251904K, used 219288K [0x0000000080000000, 0x0000000100000000)
  region size 1024K, 13 young (13312K), 2 survivors (2048K)
 Metaspace       used 116359K, capacity 119718K, committed 120016K, reserved 1153024K
  class space    used 14723K, capacity 15936K, committed 16000K, reserved 1048576K
}
Event: 815.196 GC heap after
{Heap after GC invocations=79 (full 0):
 garbage-first heap   total 251904K, used 210015K [0x0000000080000000, 0x0000000100000000)
  region size 1024K, 2 young (2048K), 2 survivors (2048K)
 Metaspace       used 116359K, capacity 119718K, committed 120016K, reserved 1153024K
  class space    used 14723K, capacity 15936K, committed 16000K, reserved 1048576K
}
Event: 815.307 GC heap before
{Heap before GC invocations=79 (full 0):
 garbage-first heap   total 251904K, used 220255K [0x0000000080000000, 0x0000000100000000)
  region size 1024K, 12 young (12288K), 2 survivors (2048K)
 Metaspace       used 116383K, capacity 119718K, committed 120016K, reserved 1153024K
  class space    used 14723K, capacity 15936K, committed 16000K, reserved 1048576K
}
Event: 815.309 GC heap after
{Heap after GC invocations=80 (full 0):
 garbage-first heap   total 251904K, used 211228K [0x0000000080000000, 0x0000000100000000)
  region size 1024K, 2 young (2048K), 2 survivors (2048K)
 Metaspace       used 116383K, capacity 119718K, committed 120016K, reserved 1153024K
  class space    used 14723K, capacity 15936K, committed 16000K, reserved 1048576K
}
Event: 815.390 GC heap before
{Heap before GC invocations=81 (full 0):
 garbage-first heap   total 251904K, used 221468K [0x0000000080000000, 0x0000000100000000)
  region size 1024K, 12 young (12288K), 2 survivors (2048K)
 Metaspace       used 116405K, capacity 119750K, committed 120016K, reserved 1153024K
  class space    used 14726K, capacity 15968K, committed 16000K, reserved 1048576K
}
Event: 815.393 GC heap after
{Heap after GC invocations=82 (full 0):
 garbage-first heap   total 251904K, used 212924K [0x0000000080000000, 0x0000000100000000)
  region size 1024K, 2 young (2048K), 2 survivors (2048K)
 Metaspace       used 116405K, capacity 119750K, committed 120016K, reserved 1153024K
  class space    used 14726K, capacity 15968K, committed 16000K, reserved 1048576K
}
Event: 815.432 GC heap before
{Heap before GC invocations=82 (full 0):
 garbage-first heap   total 251904K, used 223164K [0x0000000080000000, 0x0000000100000000)
  region size 1024K, 12 young (12288K), 2 survivors (2048K)
 Metaspace       used 116408K, capacity 119750K, committed 120016K, reserved 1153024K
  class space    used 14726K, capacity 15968K, committed 16000K, reserved 1048576K
}
Event: 815.435 GC heap after
{Heap after GC invocations=83 (full 0):
 garbage-first heap   total 251904K, used 213421K [0x0000000080000000, 0x0000000100000000)
  region size 1024K, 2 young (2048K), 2 survivors (2048K)
 Metaspace       used 116408K, capacity 119750K, committed 120016K, reserved 1153024K
  class space    used 14726K, capacity 15968K, committed 16000K, reserved 1048576K
}
Event: 815.560 GC heap before
{Heap before GC invocations=83 (full 0):
 garbage-first heap   total 251904K, used 223661K [0x0000000080000000, 0x0000000100000000)
  region size 1024K, 12 young (12288K), 2 survivors (2048K)
 Metaspace       used 116778K, capacity 120150K, committed 120400K, reserved 1153024K
  class space    used 14800K, capacity 16035K, committed 16128K, reserved 1048576K
}
Event: 815.564 GC heap after
{Heap after GC invocations=84 (full 0):
 garbage-first heap   total 251904K, used 214780K [0x0000000080000000, 0x0000000100000000)
  region size 1024K, 2 young (2048K), 2 survivors (2048K)
 Metaspace       used 116778K, capacity 120150K, committed 120400K, reserved 1153024K
  class space    used 14800K, capacity 16035K, committed 16128K, reserved 1048576K
}
Event: 815.857 GC heap before
{Heap before GC invocations=85 (full 0):
 garbage-first heap   total 251904K, used 223996K [0x0000000080000000, 0x0000000100000000)
  region size 1024K, 12 young (12288K), 2 survivors (2048K)
 Metaspace       used 116938K, capacity 120431K, committed 120656K, reserved 1155072K
  class space    used 14822K, capacity 16080K, committed 16128K, reserved 1048576K
}
Event: 815.860 GC heap after
{Heap after GC invocations=86 (full 0):
 garbage-first heap   total 251904K, used 215928K [0x0000000080000000, 0x0000000100000000)
  region size 1024K, 2 young (2048K), 2 survivors (2048K)
 Metaspace       used 116938K, capacity 120431K, committed 120656K, reserved 1155072K
  class space    used 14822K, capacity 16080K, committed 16128K, reserved 1048576K
}
Event: 815.921 GC heap before
{Heap before GC invocations=86 (full 0):
 garbage-first heap   total 251904K, used 225144K [0x0000000080000000, 0x0000000100000000)
  region size 1024K, 12 young (12288K), 2 survivors (2048K)
 Metaspace       used 116942K, capacity 120432K, committed 120656K, reserved 1155072K
  class space    used 14822K, capacity 16080K, committed 16128K, reserved 1048576K
}
Event: 815.925 GC heap after
{Heap after GC invocations=87 (full 0):
 garbage-first heap   total 251904K, used 216976K [0x0000000080000000, 0x0000000100000000)
  region size 1024K, 2 young (2048K), 2 survivors (2048K)
 Metaspace       used 116942K, capacity 120432K, committed 120656K, reserved 1155072K
  class space    used 14822K, capacity 16080K, committed 16128K, reserved 1048576K
}
Event: 816.048 GC heap before
{Heap before GC invocations=87 (full 0):
 garbage-first heap   total 251904K, used 226192K [0x0000000080000000, 0x0000000100000000)
  region size 1024K, 12 young (12288K), 2 survivors (2048K)
 Metaspace       used 116947K, capacity 120432K, committed 120656K, reserved 1155072K
  class space    used 14822K, capacity 16080K, committed 16128K, reserved 1048576K
}
Event: 816.054 GC heap after
{Heap after GC invocations=88 (full 0):
 garbage-first heap   total 303104K, used 218128K [0x0000000080000000, 0x0000000100000000)
  region size 1024K, 2 young (2048K), 2 survivors (2048K)
 Metaspace       used 116947K, capacity 120432K, committed 120656K, reserved 1155072K
  class space    used 14822K, capacity 16080K, committed 16128K, reserved 1048576K
}

