# JRE version: OpenJDK Runtime Environment (11.0.15) (build 11.0.15+0-b2043.56-8887301)
# Java VM: OpenJDK 64-Bit Server VM (11.0.15+0-b2043.56-8887301, mixed mode, tiered, compressed oops, g1 gc, windows-amd64)
Heap:
 garbage-first heap   total 303104K, used 175432K [0x000000070a000000, 0x0000000800000000)
  region size 1024K, 46 young (47104K), 14 survivors (14336K)
 Metaspace       used 79714K, capacity 80569K, committed 80896K, reserved 1122304K
  class space    used 8236K, capacity 8607K, committed 8704K, reserved 1048576K
GC Heap History (20 events):
Event: 4.169 GC heap before
{Heap before GC invocations=6 (full 0):
 garbage-first heap   total 251904K, used 104318K [0x000000070a000000, 0x0000000800000000)
  region size 1024K, 78 young (79872K), 6 survivors (6144K)
 Metaspace       used 48226K, capacity 48763K, committed 48896K, reserved 1091584K
  class space    used 5647K, capacity 5854K, committed 5888K, reserved 1048576K
}
Event: 4.178 GC heap after
{Heap after GC invocations=7 (full 0):
 garbage-first heap   total 251904K, used 37408K [0x000000070a000000, 0x0000000800000000)
  region size 1024K, 10 young (10240K), 10 survivors (10240K)
 Metaspace       used 48226K, capacity 48763K, committed 48896K, reserved 1091584K
  class space    used 5647K, capacity 5854K, committed 5888K, reserved 1048576K
}
Event: 5.925 GC heap before
{Heap before GC invocations=7 (full 0):
 garbage-first heap   total 251904K, used 154144K [0x000000070a000000, 0x0000000800000000)
  region size 1024K, 122 young (124928K), 10 survivors (10240K)
 Metaspace       used 54273K, capacity 54888K, committed 55168K, reserved 1097728K
  class space    used 6224K, capacity 6478K, committed 6528K, reserved 1048576K
}
Event: 5.937 GC heap after
{Heap after GC invocations=8 (full 0):
 garbage-first heap   total 303104K, used 49525K [0x000000070a000000, 0x0000000800000000)
  region size 1024K, 10 young (10240K), 10 survivors (10240K)
 Metaspace       used 54273K, capacity 54888K, committed 55168K, reserved 1097728K
  class space    used 6224K, capacity 6478K, committed 6528K, reserved 1048576K
}
Event: 8.447 GC heap before
{Heap before GC invocations=8 (full 0):
 garbage-first heap   total 303104K, used 220533K [0x000000070a000000, 0x0000000800000000)
  region size 1024K, 177 young (181248K), 10 survivors (10240K)
 Metaspace       used 58229K, capacity 58933K, committed 59136K, reserved 1101824K
  class space    used 6519K, capacity 6798K, committed 6912K, reserved 1048576K
}
Event: 8.468 GC heap after
{Heap after GC invocations=9 (full 0):
 garbage-first heap   total 303104K, used 72122K [0x000000070a000000, 0x0000000800000000)
  region size 1024K, 23 young (23552K), 23 survivors (23552K)
 Metaspace       used 58229K, capacity 58933K, committed 59136K, reserved 1101824K
  class space    used 6519K, capacity 6798K, committed 6912K, reserved 1048576K
}
Event: 8.911 GC heap before
{Heap before GC invocations=9 (full 0):
 garbage-first heap   total 303104K, used 90554K [0x000000070a000000, 0x0000000800000000)
  region size 1024K, 42 young (43008K), 23 survivors (23552K)
 Metaspace       used 59415K, capacity 60089K, committed 60160K, reserved 1101824K
  class space    used 6647K, capacity 6905K, committed 6912K, reserved 1048576K
}
Event: 8.925 GC heap after
{Heap after GC invocations=10 (full 0):
 garbage-first heap   total 303104K, used 77063K [0x000000070a000000, 0x0000000800000000)
  region size 1024K, 4 young (4096K), 4 survivors (4096K)
 Metaspace       used 59415K, capacity 60089K, committed 60160K, reserved 1101824K
  class space    used 6647K, capacity 6905K, committed 6912K, reserved 1048576K
}
Event: 11.862 GC heap before
{Heap before GC invocations=11 (full 0):
 garbage-first heap   total 303104K, used 170247K [0x000000070a000000, 0x0000000800000000)
  region size 1024K, 95 young (97280K), 4 survivors (4096K)
 Metaspace       used 64940K, capacity 65672K, committed 65920K, reserved 1107968K
  class space    used 6987K, capacity 7284K, committed 7296K, reserved 1048576K
}
Event: 11.873 GC heap after
{Heap after GC invocations=12 (full 0):
 garbage-first heap   total 303104K, used 83136K [0x000000070a000000, 0x0000000800000000)
  region size 1024K, 12 young (12288K), 12 survivors (12288K)
 Metaspace       used 64940K, capacity 65672K, committed 65920K, reserved 1107968K
  class space    used 6987K, capacity 7284K, committed 7296K, reserved 1048576K
}
Event: 15.213 GC heap before
{Heap before GC invocations=12 (full 0):
 garbage-first heap   total 303104K, used 182464K [0x000000070a000000, 0x0000000800000000)
  region size 1024K, 108 young (110592K), 12 survivors (12288K)
 Metaspace       used 66047K, capacity 66780K, committed 67072K, reserved 1110016K
  class space    used 7006K, capacity 7324K, committed 7424K, reserved 1048576K
}
Event: 15.223 GC heap after
{Heap after GC invocations=13 (full 0):
 garbage-first heap   total 303104K, used 91356K [0x000000070a000000, 0x0000000800000000)
  region size 1024K, 9 young (9216K), 9 survivors (9216K)
 Metaspace       used 66047K, capacity 66780K, committed 67072K, reserved 1110016K
  class space    used 7006K, capacity 7324K, committed 7424K, reserved 1048576K
}
Event: 18.128 GC heap before
{Heap before GC invocations=13 (full 0):
 garbage-first heap   total 303104K, used 194780K [0x000000070a000000, 0x0000000800000000)
  region size 1024K, 108 young (110592K), 9 survivors (9216K)
 Metaspace       used 66845K, capacity 67637K, committed 67840K, reserved 1110016K
  class space    used 7029K, capacity 7329K, committed 7424K, reserved 1048576K
}
Event: 18.137 GC heap after
{Heap after GC invocations=14 (full 0):
 garbage-first heap   total 303104K, used 101874K [0x000000070a000000, 0x0000000800000000)
  region size 1024K, 9 young (9216K), 9 survivors (9216K)
 Metaspace       used 66845K, capacity 67637K, committed 67840K, reserved 1110016K
  class space    used 7029K, capacity 7329K, committed 7424K, reserved 1048576K
}
Event: 20.135 GC heap before
{Heap before GC invocations=14 (full 0):
 garbage-first heap   total 303104K, used 205298K [0x000000070a000000, 0x0000000800000000)
  region size 1024K, 110 young (112640K), 9 survivors (9216K)
 Metaspace       used 67864K, capacity 68613K, committed 68864K, reserved 1110016K
  class space    used 7093K, capacity 7396K, committed 7424K, reserved 1048576K
}
Event: 20.144 GC heap after
{Heap after GC invocations=15 (full 0):
 garbage-first heap   total 303104K, used 105013K [0x000000070a000000, 0x0000000800000000)
  region size 1024K, 4 young (4096K), 4 survivors (4096K)
 Metaspace       used 67864K, capacity 68613K, committed 68864K, reserved 1110016K
  class space    used 7093K, capacity 7396K, committed 7424K, reserved 1048576K
}
Event: 22.319 GC heap before
{Heap before GC invocations=15 (full 0):
 garbage-first heap   total 303104K, used 213557K [0x000000070a000000, 0x0000000800000000)
  region size 1024K, 110 young (112640K), 4 survivors (4096K)
 Metaspace       used 76072K, capacity 76911K, committed 77184K, reserved 1118208K
  class space    used 7888K, capacity 8247K, committed 8320K, reserved 1048576K
}
Event: 22.333 GC heap after
{Heap after GC invocations=16 (full 0):
 garbage-first heap   total 303104K, used 121484K [0x000000070a000000, 0x0000000800000000)
  region size 1024K, 14 young (14336K), 14 survivors (14336K)
 Metaspace       used 76072K, capacity 76911K, committed 77184K, reserved 1118208K
  class space    used 7888K, capacity 8247K, committed 8320K, reserved 1048576K
}
Event: 23.489 GC heap before
{Heap before GC invocations=16 (full 0):
 garbage-first heap   total 303104K, used 221836K [0x000000070a000000, 0x0000000800000000)
  region size 1024K, 112 young (114688K), 14 survivors (14336K)
 Metaspace       used 79244K, capacity 80113K, committed 80384K, reserved 1120256K
  class space    used 8212K, capacity 8588K, committed 8704K, reserved 1048576K
}
Event: 23.515 GC heap after
{Heap after GC invocations=17 (full 0):
 garbage-first heap   total 303104K, used 143688K [0x000000070a000000, 0x0000000800000000)
  region size 1024K, 14 young (14336K), 14 survivors (14336K)
 Metaspace       used 79244K, capacity 80113K, committed 80384K, reserved 1120256K
  class space    used 8212K, capacity 8588K, committed 8704K, reserved 1048576K
}

