# JRE version: OpenJDK Runtime Environment (11.0.15) (build 11.0.15+0-b2043.56-8887301)
# Java VM: OpenJDK 64-Bit Server VM (11.0.15+0-b2043.56-8887301, mixed mode, tiered, compressed oops, g1 gc, windows-amd64)
Heap:
 garbage-first heap   total 251904K, used 166426K [0x0000000080000000, 0x0000000100000000)
  region size 1024K, 10 young (10240K), 3 survivors (3072K)
 Metaspace       used 121863K, capacity 125496K, committed 125700K, reserved 1159168K
  class space    used 15341K, capacity 16722K, committed 16728K, reserved 1048576K
GC Heap History (20 events):
Event: 30.164 GC heap before
{Heap before GC invocations=22 (full 0):
 garbage-first heap   total 251904K, used 166437K [0x0000000080000000, 0x0000000100000000)
  region size 1024K, 39 young (39936K), 13 survivors (13312K)
 Metaspace       used 99974K, capacity 102901K, committed 103812K, reserved 1138688K
  class space    used 12901K, capacity 13952K, committed 14296K, reserved 1048576K
}
Event: 30.170 GC heap after
{Heap after GC invocations=23 (full 0):
 garbage-first heap   total 251904K, used 139716K [0x0000000080000000, 0x0000000100000000)
  region size 1024K, 3 young (3072K), 3 survivors (3072K)
 Metaspace       used 99974K, capacity 102901K, committed 103812K, reserved 1138688K
  class space    used 12901K, capacity 13952K, committed 14296K, reserved 1048576K
}
Event: 32.107 GC heap before
{Heap before GC invocations=24 (full 0):
 garbage-first heap   total 251904K, used 208324K [0x0000000080000000, 0x0000000100000000)
  region size 1024K, 57 young (58368K), 3 survivors (3072K)
 Metaspace       used 107961K, capacity 110985K, committed 111492K, reserved 1146880K
  class space    used 13741K, capacity 14860K, committed 15064K, reserved 1048576K
}
Event: 32.111 GC heap after
{Heap after GC invocations=25 (full 0):
 garbage-first heap   total 251904K, used 151552K [0x0000000080000000, 0x0000000100000000)
  region size 1024K, 8 young (8192K), 8 survivors (8192K)
 Metaspace       used 107961K, capacity 110985K, committed 111492K, reserved 1146880K
  class space    used 13741K, capacity 14860K, committed 15064K, reserved 1048576K
}
Event: 32.509 GC heap before
{Heap before GC invocations=25 (full 0):
 garbage-first heap   total 251904K, used 155648K [0x0000000080000000, 0x0000000100000000)
  region size 1024K, 12 young (12288K), 8 survivors (8192K)
 Metaspace       used 107967K, capacity 110985K, committed 111492K, reserved 1146880K
  class space    used 13741K, capacity 14860K, committed 15064K, reserved 1048576K
}
Event: 32.513 GC heap after
{Heap after GC invocations=26 (full 0):
 garbage-first heap   total 251904K, used 141190K [0x0000000080000000, 0x0000000100000000)
  region size 1024K, 1 young (1024K), 1 survivors (1024K)
 Metaspace       used 107967K, capacity 110985K, committed 111492K, reserved 1146880K
  class space    used 13741K, capacity 14860K, committed 15064K, reserved 1048576K
}
Event: 32.984 GC heap before
{Heap before GC invocations=26 (full 0):
 garbage-first heap   total 251904K, used 151430K [0x0000000080000000, 0x0000000100000000)
  region size 1024K, 12 young (12288K), 1 survivors (1024K)
 Metaspace       used 107983K, capacity 111049K, committed 111492K, reserved 1146880K
  class space    used 13741K, capacity 14860K, committed 15064K, reserved 1048576K
}
Event: 32.987 GC heap after
{Heap after GC invocations=27 (full 0):
 garbage-first heap   total 251904K, used 143695K [0x0000000080000000, 0x0000000100000000)
  region size 1024K, 4 young (4096K), 4 survivors (4096K)
 Metaspace       used 107983K, capacity 111049K, committed 111492K, reserved 1146880K
  class space    used 13741K, capacity 14860K, committed 15064K, reserved 1048576K
}
Event: 33.611 GC heap before
{Heap before GC invocations=28 (full 0):
 garbage-first heap   total 251904K, used 196943K [0x0000000080000000, 0x0000000100000000)
  region size 1024K, 55 young (56320K), 4 survivors (4096K)
 Metaspace       used 110040K, capacity 113048K, committed 113412K, reserved 1146880K
  class space    used 13889K, capacity 14986K, committed 15192K, reserved 1048576K
}
Event: 33.617 GC heap after
{Heap after GC invocations=29 (full 0):
 garbage-first heap   total 251904K, used 152793K [0x0000000080000000, 0x0000000100000000)
  region size 1024K, 7 young (7168K), 7 survivors (7168K)
 Metaspace       used 110040K, capacity 113048K, committed 113412K, reserved 1146880K
  class space    used 13889K, capacity 14986K, committed 15192K, reserved 1048576K
}
Event: 33.724 GC heap before
{Heap before GC invocations=29 (full 0):
 garbage-first heap   total 251904K, used 158937K [0x0000000080000000, 0x0000000100000000)
  region size 1024K, 12 young (12288K), 7 survivors (7168K)
 Metaspace       used 111512K, capacity 114584K, committed 115076K, reserved 1148928K
  class space    used 13991K, capacity 15114K, committed 15320K, reserved 1048576K
}
Event: 33.729 GC heap after
{Heap after GC invocations=30 (full 0):
 garbage-first heap   total 251904K, used 153449K [0x0000000080000000, 0x0000000100000000)
  region size 1024K, 1 young (1024K), 1 survivors (1024K)
 Metaspace       used 111512K, capacity 114584K, committed 115076K, reserved 1148928K
  class space    used 13991K, capacity 15114K, committed 15320K, reserved 1048576K
}
Event: 33.895 GC heap before
{Heap before GC invocations=30 (full 0):
 garbage-first heap   total 251904K, used 159593K [0x0000000080000000, 0x0000000100000000)
  region size 1024K, 8 young (8192K), 1 survivors (1024K)
 Metaspace       used 112519K, capacity 115557K, committed 115972K, reserved 1150976K
  class space    used 14116K, capacity 15246K, committed 15448K, reserved 1048576K
}
Event: 33.898 GC heap after
{Heap after GC invocations=31 (full 0):
 garbage-first heap   total 251904K, used 154242K [0x0000000080000000, 0x0000000100000000)
  region size 1024K, 2 young (2048K), 2 survivors (2048K)
 Metaspace       used 112519K, capacity 115557K, committed 115972K, reserved 1150976K
  class space    used 14116K, capacity 15246K, committed 15448K, reserved 1048576K
}
Event: 35.261 GC heap before
{Heap before GC invocations=32 (full 0):
 garbage-first heap   total 251904K, used 205442K [0x0000000080000000, 0x0000000100000000)
  region size 1024K, 48 young (49152K), 2 survivors (2048K)
 Metaspace       used 120445K, capacity 123834K, committed 123908K, reserved 1157120K
  class space    used 15145K, capacity 16404K, committed 16472K, reserved 1048576K
}
Event: 35.266 GC heap after
{Heap after GC invocations=33 (full 0):
 garbage-first heap   total 251904K, used 163322K [0x0000000080000000, 0x0000000100000000)
  region size 1024K, 6 young (6144K), 6 survivors (6144K)
 Metaspace       used 120445K, capacity 123834K, committed 123908K, reserved 1157120K
  class space    used 15145K, capacity 16404K, committed 16472K, reserved 1048576K
}
Event: 35.341 GC heap before
{Heap before GC invocations=33 (full 0):
 garbage-first heap   total 251904K, used 169466K [0x0000000080000000, 0x0000000100000000)
  region size 1024K, 12 young (12288K), 6 survivors (6144K)
 Metaspace       used 120828K, capacity 124356K, committed 124676K, reserved 1157120K
  class space    used 15228K, capacity 16583K, committed 16728K, reserved 1048576K
}
Event: 35.345 GC heap after
{Heap after GC invocations=34 (full 0):
 garbage-first heap   total 251904K, used 163684K [0x0000000080000000, 0x0000000100000000)
  region size 1024K, 1 young (1024K), 1 survivors (1024K)
 Metaspace       used 120828K, capacity 124356K, committed 124676K, reserved 1157120K
  class space    used 15228K, capacity 16583K, committed 16728K, reserved 1048576K
}
Event: 35.851 GC heap before
{Heap before GC invocations=34 (full 0):
 garbage-first heap   total 251904K, used 205668K [0x0000000080000000, 0x0000000100000000)
  region size 1024K, 43 young (44032K), 1 survivors (1024K)
 Metaspace       used 121796K, capacity 125368K, committed 125444K, reserved 1159168K
  class space    used 15340K, capacity 16722K, committed 16728K, reserved 1048576K
}
Event: 35.855 GC heap after
{Heap after GC invocations=35 (full 0):
 garbage-first heap   total 251904K, used 161306K [0x0000000080000000, 0x0000000100000000)
  region size 1024K, 3 young (3072K), 3 survivors (3072K)
 Metaspace       used 121796K, capacity 125368K, committed 125444K, reserved 1159168K
  class space    used 15340K, capacity 16722K, committed 16728K, reserved 1048576K
}

